Using pre-set license
Built from '2020.2/release' branch; Version is '2020.2.0f1 (3721df5a8b28) revision 3613151'; Using compiler version '192528614'; Build Type 'Release'
OS: 'Windows 10  (10.0.0) 64bit' Language: 'en' Physical Memory: 8100 MB
BatchMode: 1, IsHumanControllingUs: 0, StartBugReporterOnCrash: 0, Is64bit: 1, IsPro: 0

 COMMAND LINE ARGUMENTS:
C:\Program Files\2020.2.0f1\Editor\Unity.exe
-adb2
-batchMode
-noUpm
-name
AssetImportWorker0
-projectPath
D:/GameDev/GoodJob/Unity Test
-logFile
Logs/AssetImportWorker0.log
-srvPort
57277
Successfully changed project path to: D:/GameDev/GoodJob/Unity Test
D:/GameDev/GoodJob/Unity Test
Using Asset Import Pipeline V2.
Refreshing native plugins compatible for Editor in 44.91 ms, found 0 plugins.
Preloading 0 native plugins for Editor in 0.00 ms.
Initialize engine version: 2020.2.0f1 (3721df5a8b28)
[Subsystems] Discovering subsystems at path C:/Program Files/2020.2.0f1/Editor/Data/Resources/UnitySubsystems
[Subsystems] Discovering subsystems at path D:/GameDev/GoodJob/Unity Test/Assets
GfxDevice: creating device client; threaded=0
Direct3D:
    Version:  Direct3D 11.0 [level 11.0]
    Renderer: NVIDIA GeForce GT 630 (ID=0xf00)
    Vendor:   
    VRAM:     1989 MB
    Driver:   23.21.13.9135
Initialize mono
Mono path[0] = 'C:/Program Files/2020.2.0f1/Editor/Data/Managed'
Mono path[1] = 'C:/Program Files/2020.2.0f1/Editor/Data/MonoBleedingEdge/lib/mono/unityjit'
Mono config path = 'C:/Program Files/2020.2.0f1/Editor/Data/MonoBleedingEdge/etc'
Using monoOptions --debugger-agent=transport=dt_socket,embedding=1,server=y,suspend=n,address=127.0.0.1:56736
Begin MonoManager ReloadAssembly
Registering precompiled unity dll's ...
Register platform support module: C:/Program Files/2020.2.0f1/Editor/Data/PlaybackEngines/WindowsStandaloneSupport/UnityEditor.WindowsStandalone.Extensions.dll
Registered in 0.002895 seconds.
Native extension for WindowsStandalone target not found
Refreshing native plugins compatible for Editor in 56.04 ms, found 0 plugins.
Preloading 0 native plugins for Editor in 0.00 ms.
Invoked RoslynAnalysisRunner static constructor.
RoslynAnalysisRunner will not be running.
RoslynAnalysisRunner has terminated.
Mono: successfully reloaded assembly
- Completed reload, in  8.570 seconds
Platform modules already initialized, skipping
Registering precompiled user dll's ...
Registered in 0.000934 seconds.
Begin MonoManager ReloadAssembly
Native extension for WindowsStandalone target not found
Refreshing native plugins compatible for Editor in 0.27 ms, found 0 plugins.
Preloading 0 native plugins for Editor in 0.00 ms.
Invoked RoslynAnalysisRunner static constructor.
RoslynAnalysisRunner will not be running.
RoslynAnalysisRunner has terminated.
Mono: successfully reloaded assembly
- Completed reload, in  1.461 seconds
Platform modules already initialized, skipping
========================================================================
Worker process is ready to serve import requests
Launched and connected shader compiler UnityShaderCompiler.exe after 0.08 seconds
Refreshing native plugins compatible for Editor in 0.27 ms, found 0 plugins.
Preloading 0 native plugins for Editor in 0.00 ms.
Unloading 1122 Unused Serialized files (Serialized files now loaded: 0)
System memory in use before: 78.6 MB.
System memory in use after: 78.7 MB.

Unloading 10 unused Assets to reduce memory usage. Loaded Objects now: 1595.
Total: 2.591100 ms (FindLiveObjects: 0.462400 ms CreateObjectMapping: 0.067700 ms MarkObjects: 1.961200 ms  DeleteObjects: 0.097700 ms)

========================================================================
Received Import Request.
  path: Assets/Materials/Leaves.mat
  artifactKey: Guid(ceeb458884ebb9a4587f822957015c16) Importer(815301076,1909f56bfc062723c751e8b465ee728b)
Start importing Assets/Materials/Leaves.mat using Guid(ceeb458884ebb9a4587f822957015c16) Importer(815301076,1909f56bfc062723c751e8b465ee728b)  -> (artifact id: '12243c02000cefa8d1cad5fd20466d04') in 0.198438 seconds
  Import took 0.201564 seconds .

========================================================================
Received Import Request.
  Time since last request: 7.724521 seconds.
  path: Assets/Tree 1_Textures/diffuse.png
  artifactKey: Guid(c9d45f9ab11e098458b051e582f753ec) Importer(815301076,1909f56bfc062723c751e8b465ee728b)
Start importing Assets/Tree 1_Textures/diffuse.png using Guid(c9d45f9ab11e098458b051e582f753ec) Importer(815301076,1909f56bfc062723c751e8b465ee728b)  -> (artifact id: '9b60e092115e38df7a9dc8cf73446dd4') in 0.129414 seconds
  Import took 0.150593 seconds .

========================================================================
Received Import Request.
  Time since last request: 0.001567 seconds.
  path: Assets/Tree 1_Textures/shadow.png
  artifactKey: Guid(36f9a93cb98bbfe43beede269b0cb8e0) Importer(815301076,1909f56bfc062723c751e8b465ee728b)
Start importing Assets/Tree 1_Textures/shadow.png using Guid(36f9a93cb98bbfe43beede269b0cb8e0) Importer(815301076,1909f56bfc062723c751e8b465ee728b)  -> (artifact id: 'c3fbd5abf6c2bd3c21777ec8edece4dd') in 0.069090 seconds
  Import took 0.074166 seconds .

========================================================================
Received Import Request.
  Time since last request: 0.000409 seconds.
  path: Assets/Tree_Textures/translucency_gloss.png
  artifactKey: Guid(1127e743205a0a040a23994cb7073cb6) Importer(815301076,1909f56bfc062723c751e8b465ee728b)
Start importing Assets/Tree_Textures/translucency_gloss.png using Guid(1127e743205a0a040a23994cb7073cb6) Importer(815301076,1909f56bfc062723c751e8b465ee728b)  -> (artifact id: '86019e5a88a8fe78cd48e0e1d0140de5') in 0.067456 seconds
  Import took 0.078360 seconds .

========================================================================
Received Import Request.
  Time since last request: 0.000270 seconds.
  path: Assets/Tree 1_Textures/diffuse.png
  artifactKey: Guid(c9d45f9ab11e098458b051e582f753ec) Importer(815301076,1909f56bfc062723c751e8b465ee728b)
Start importing Assets/Tree 1_Textures/diffuse.png using Guid(c9d45f9ab11e098458b051e582f753ec) Importer(815301076,1909f56bfc062723c751e8b465ee728b)  -> (artifact id: '9b60e092115e38df7a9dc8cf73446dd4') in 0.037031 seconds
  Import took 0.041219 seconds .

========================================================================
Received Import Request.
  Time since last request: 0.000298 seconds.
  path: Assets/Tree_Textures/shadow.png
  artifactKey: Guid(0f4192f152af35d438805ff8c0ff6533) Importer(815301076,1909f56bfc062723c751e8b465ee728b)
Start importing Assets/Tree_Textures/shadow.png using Guid(0f4192f152af35d438805ff8c0ff6533) Importer(815301076,1909f56bfc062723c751e8b465ee728b)  -> (artifact id: '0c4c046509befdee8198ef66a907fae8') in 0.037850 seconds
  Import took 0.042514 seconds .

========================================================================
Received Import Request.
  Time since last request: 0.000841 seconds.
  path: Assets/Tree_Textures/normal_specular.png
  artifactKey: Guid(82da4f10593e72c40a65ca0c0a940cfd) Importer(815301076,1909f56bfc062723c751e8b465ee728b)
Start importing Assets/Tree_Textures/normal_specular.png using Guid(82da4f10593e72c40a65ca0c0a940cfd) Importer(815301076,1909f56bfc062723c751e8b465ee728b)  -> (artifact id: '369c94c2cc669b9df7e288aae8f0db6e') in 0.076092 seconds
  Import took 0.088084 seconds .

========================================================================
Received Import Request.
  Time since last request: 0.000260 seconds.
  path: Assets/Images/Tree leaves.png
  artifactKey: Guid(7f19e6295f4c63b48b743a5577547ef9) Importer(815301076,1909f56bfc062723c751e8b465ee728b)
Start importing Assets/Images/Tree leaves.png using Guid(7f19e6295f4c63b48b743a5577547ef9) Importer(815301076,1909f56bfc062723c751e8b465ee728b)  -> (artifact id: '440704346c6f9995a1f6fac3236f412a') in 0.091097 seconds
  Import took 0.101156 seconds .

========================================================================
Received Import Request.
  Time since last request: 0.000364 seconds.
  path: Assets/Tree 1_Textures/normal_specular.png
  artifactKey: Guid(9c3256a180ea6ca418e5503f179d5afc) Importer(815301076,1909f56bfc062723c751e8b465ee728b)
Start importing Assets/Tree 1_Textures/normal_specular.png using Guid(9c3256a180ea6ca418e5503f179d5afc) Importer(815301076,1909f56bfc062723c751e8b465ee728b)  -> (artifact id: 'dd9f07cf465702d8b92355c6f55e6cf0') in 0.029513 seconds
  Import took 0.044494 seconds .

========================================================================
Received Import Request.
  Time since last request: 0.000292 seconds.
  path: Assets/Tree 1_Textures/translucency_gloss.png
  artifactKey: Guid(5cfe3908539d68047b87d36b507ed7aa) Importer(815301076,1909f56bfc062723c751e8b465ee728b)
Start importing Assets/Tree 1_Textures/translucency_gloss.png using Guid(5cfe3908539d68047b87d36b507ed7aa) Importer(815301076,1909f56bfc062723c751e8b465ee728b)  -> (artifact id: '1b83b5fdcc6fab2bdaf1c5fa7d9c862a') in 0.043889 seconds
  Import took 0.048079 seconds .

========================================================================
Received Import Request.
  Time since last request: 0.000638 seconds.
  path: Assets/Tree_Textures/diffuse.png
  artifactKey: Guid(f9e15bff74e31734d857d09b405db7e8) Importer(815301076,1909f56bfc062723c751e8b465ee728b)
Start importing Assets/Tree_Textures/diffuse.png using Guid(f9e15bff74e31734d857d09b405db7e8) Importer(815301076,1909f56bfc062723c751e8b465ee728b)  -> (artifact id: '5f94dccff3813bffbe31c8032422dfbd') in 0.029730 seconds
  Import took 0.035119 seconds .

========================================================================
Received Import Request.
  Time since last request: 0.000255 seconds.
  path: Assets/Tree 1_Textures/translucency_gloss.png
  artifactKey: Guid(5cfe3908539d68047b87d36b507ed7aa) Importer(815301076,1909f56bfc062723c751e8b465ee728b)
Start importing Assets/Tree 1_Textures/translucency_gloss.png using Guid(5cfe3908539d68047b87d36b507ed7aa) Importer(815301076,1909f56bfc062723c751e8b465ee728b)  -> (artifact id: '1b83b5fdcc6fab2bdaf1c5fa7d9c862a') in 0.021019 seconds
  Import took 0.036688 seconds .

========================================================================
Received Import Request.
  Time since last request: 22.245921 seconds.
  path: Assets/Tree 1.prefab
  artifactKey: Guid(e27d27665ea275e41a58ceb67116b2f0) Importer(815301076,1909f56bfc062723c751e8b465ee728b)
Start importing Assets/Tree 1.prefab using Guid(e27d27665ea275e41a58ceb67116b2f0) Importer(815301076,1909f56bfc062723c751e8b465ee728b)  -> (artifact id: '6b18aa60365a1e22dc7ece222dba0baa') in 0.347315 seconds
  Import took 0.351013 seconds .

========================================================================
Received Import Request.
  Time since last request: 0.000076 seconds.
  path: Assets/Tree.prefab
  artifactKey: Guid(c2380befc9a80f34d8c7ce0327ac84da) Importer(815301076,1909f56bfc062723c751e8b465ee728b)
Start importing Assets/Tree.prefab using Guid(c2380befc9a80f34d8c7ce0327ac84da) Importer(815301076,1909f56bfc062723c751e8b465ee728b)  -> (artifact id: '49c4b26f1664322b58b3f6798a613f89') in 0.106440 seconds
  Import took 0.113128 seconds .

========================================================================
Received Import Request.
  Time since last request: 0.000278 seconds.
  path: Assets/Tree 1.prefab
  artifactKey: Guid(e27d27665ea275e41a58ceb67116b2f0) Importer(815301076,1909f56bfc062723c751e8b465ee728b)
Start importing Assets/Tree 1.prefab using Guid(e27d27665ea275e41a58ceb67116b2f0) Importer(815301076,1909f56bfc062723c751e8b465ee728b)  -> (artifact id: '6b18aa60365a1e22dc7ece222dba0baa') in 0.117822 seconds
  Import took 0.132448 seconds .

========================================================================
Received Import Request.
  Time since last request: 0.001129 seconds.
  path: Assets/Tree.prefab
  artifactKey: Guid(c2380befc9a80f34d8c7ce0327ac84da) Importer(815301076,1909f56bfc062723c751e8b465ee728b)
Start importing Assets/Tree.prefab using Guid(c2380befc9a80f34d8c7ce0327ac84da) Importer(815301076,1909f56bfc062723c751e8b465ee728b)  -> (artifact id: '49c4b26f1664322b58b3f6798a613f89') in 0.089854 seconds
  Import took 0.097643 seconds .

========================================================================
Received Import Request.
  Time since last request: 26.465427 seconds.
  path: Assets/Tree 1.prefab
  artifactKey: Guid(e27d27665ea275e41a58ceb67116b2f0) Importer(815301076,1909f56bfc062723c751e8b465ee728b)
Start importing Assets/Tree 1.prefab using Guid(e27d27665ea275e41a58ceb67116b2f0) Importer(815301076,1909f56bfc062723c751e8b465ee728b)  -> (artifact id: '805f8dd7efbd8c5c8048b45852ed9212') in 0.779104 seconds
  Import took 0.784301 seconds .

========================================================================
Received Import Request.
  Time since last request: 14.501949 seconds.
  path: Assets/Tree 1.prefab
  artifactKey: Guid(e27d27665ea275e41a58ceb67116b2f0) Importer(815301076,1909f56bfc062723c751e8b465ee728b)
Start importing Assets/Tree 1.prefab using Guid(e27d27665ea275e41a58ceb67116b2f0) Importer(815301076,1909f56bfc062723c751e8b465ee728b)  -> (artifact id: '6cfab6c794ac585f386914d185722614') in 0.406651 seconds
  Import took 0.413220 seconds .

========================================================================
Received Import Request.
  Time since last request: 97.977688 seconds.
  path: Assets/Tree 1.prefab
  artifactKey: Guid(e27d27665ea275e41a58ceb67116b2f0) Importer(815301076,1909f56bfc062723c751e8b465ee728b)
Start importing Assets/Tree 1.prefab using Guid(e27d27665ea275e41a58ceb67116b2f0) Importer(815301076,1909f56bfc062723c751e8b465ee728b)  -> (artifact id: 'aebacba45df7da68d93a69d748329d89') in 0.312659 seconds
  Import took 0.323812 seconds .

========================================================================
Received Import Request.
  Time since last request: 0.009675 seconds.
  path: Assets/Tree 1.prefab
  artifactKey: Guid(e27d27665ea275e41a58ceb67116b2f0) Importer(815301076,1909f56bfc062723c751e8b465ee728b)
Start importing Assets/Tree 1.prefab using Guid(e27d27665ea275e41a58ceb67116b2f0) Importer(815301076,1909f56bfc062723c751e8b465ee728b)  -> (artifact id: 'aebacba45df7da68d93a69d748329d89') in 0.274937 seconds
  Import took 0.279238 seconds .

========================================================================
Received Import Request.
  Time since last request: 1.309570 seconds.
  path: Assets/Tree 1.prefab
  artifactKey: Guid(e27d27665ea275e41a58ceb67116b2f0) Importer(815301076,1909f56bfc062723c751e8b465ee728b)
Start importing Assets/Tree 1.prefab using Guid(e27d27665ea275e41a58ceb67116b2f0) Importer(815301076,1909f56bfc062723c751e8b465ee728b)  -> (artifact id: '1c85ca552978674d808ac428746d0ecf') in 0.136178 seconds
  Import took 0.139887 seconds .

